

 NAS Parallel Benchmarks (NPB3.4-OMP) - MG Benchmark

 Reading from input file mg.input
 Size:  512x 512x 512  (class C)
 Iterations:                     20
 Number of available threads:     8

 Initialization time:           1.000 seconds

  iter   1
  iter   5
  iter  10
  iter  15
  iter  20

 Benchmark completed 
 VERIFICATION SUCCESSFUL 
 L2 Norm is  0.5706732285740E-06
 Error is    0.8274803240276E-13


 MG Benchmark Completed.
 Class           =                        C
 Size            =            512x 512x 512
 Iterations      =                       20
 Time in seconds =                     9.16
 Total threads   =                        8
 Avail threads   =                        8
 Mop/s total     =                 16995.32
 Mop/s/thread    =                  2124.42
 Operation type  =           floating point
 Verification    =               SUCCESSFUL
 Version         =                    3.4.4
 Compile date    =              26 Feb 2026

 Compile options:
    FC           = gfortran
    FLINK        = gfortran
    F_LIB        = (none)
    F_INC        = (none)
    FFLAGS       = -g -O3 -march=native -fPIC -funroll-loops -...
    FLINKFLAGS   = -g -O3 -march=native -fPIC -funroll-loops -...
    RAND         = randi8


 Please send all errors/feedbacks to:

 NPB Development Team
 npb@nas.nasa.gov



* [MAQAO] Info: Dumping samples (host fedora, process 36489)
* [MAQAO] Info: Dumping source info for callchain nodes (host fedora, process 36489)
* [MAQAO] Info: Building/writing metadata (host fedora)
* [MAQAO] Info: Finished collect step (host fedora, process 36489)


Your experiment path is /home/ndkd/lab/ihpc/aoc/architecture-opt-hpc-NPBMG/build/maqao_reports/ov_s1_mg_omp_f90_gfortran/tools/lprof_run_2

To display your profiling results:
##############################################################################################################################################################################
#    LEVEL    |     REPORT     |                                                                   COMMAND                                                                   #
##############################################################################################################################################################################
#  Functions  |  Cluster-wide  |  maqao lprof -df xp=/home/ndkd/lab/ihpc/aoc/architecture-opt-hpc-NPBMG/build/maqao_reports/ov_s1_mg_omp_f90_gfortran/tools/lprof_run_2      #
#  Functions  |  Per-node      |  maqao lprof -df -dn xp=/home/ndkd/lab/ihpc/aoc/architecture-opt-hpc-NPBMG/build/maqao_reports/ov_s1_mg_omp_f90_gfortran/tools/lprof_run_2  #
#  Functions  |  Per-process   |  maqao lprof -df -dp xp=/home/ndkd/lab/ihpc/aoc/architecture-opt-hpc-NPBMG/build/maqao_reports/ov_s1_mg_omp_f90_gfortran/tools/lprof_run_2  #
#  Functions  |  Per-thread    |  maqao lprof -df -dt xp=/home/ndkd/lab/ihpc/aoc/architecture-opt-hpc-NPBMG/build/maqao_reports/ov_s1_mg_omp_f90_gfortran/tools/lprof_run_2  #
#  Loops      |  Cluster-wide  |  maqao lprof -dl xp=/home/ndkd/lab/ihpc/aoc/architecture-opt-hpc-NPBMG/build/maqao_reports/ov_s1_mg_omp_f90_gfortran/tools/lprof_run_2      #
#  Loops      |  Per-node      |  maqao lprof -dl -dn xp=/home/ndkd/lab/ihpc/aoc/architecture-opt-hpc-NPBMG/build/maqao_reports/ov_s1_mg_omp_f90_gfortran/tools/lprof_run_2  #
#  Loops      |  Per-process   |  maqao lprof -dl -dp xp=/home/ndkd/lab/ihpc/aoc/architecture-opt-hpc-NPBMG/build/maqao_reports/ov_s1_mg_omp_f90_gfortran/tools/lprof_run_2  #
#  Loops      |  Per-thread    |  maqao lprof -dl -dt xp=/home/ndkd/lab/ihpc/aoc/architecture-opt-hpc-NPBMG/build/maqao_reports/ov_s1_mg_omp_f90_gfortran/tools/lprof_run_2  #
##############################################################################################################################################################################

