 Reading from input file mg.input


 NAS Parallel Benchmarks 4.1 Parallel C++ version with OpenMP - MG Benchmark

 Size: 512x512x512 (class_npb C)
 Iterations:  20
 Initialization time:           9.356 seconds
  iter   1
  iter   5
  iter  10
  iter  15
  iter  20
 Benchmark completed
 VERIFICATION SUCCESSFUL
 L2 Norm is  5.7067322857393e-07
 Error is    1.2171011043993e-13


 MG Benchmark Completed
 class_npb       =                        C
 Size            =            512x 512x 512
 Total threads   =                        8
 Iterations      =                       20
 Time in seconds =                     8.99
 Mop/s total     =                 17323.82
 Operation type  =           floating point
 Verification    =               SUCCESSFUL
 Version         =                      4.1
 Compile date    =              06 Mar 2026
 Compiler ver    =                   15.2.1
 OpenMP version  =                   201511

 Compile options:
    CC           = clang++
    CLINK        = $(CC)
    C_LIB        = -lm
    C_INC        = -I../common 
    CFLAGS       = -g -Ofast -march=native -mavx2 -funroll-loo...
    CLINKFLAGS   = -g -Ofast -march=native -mavx2 -funroll-loo...
    RAND         = randdp


----------------------------------------------------------------------
    NPB-CPP is developed by: 
        Dalvan Griebler
        Gabriell Araujo (Sequential Porting)
        Júnior Löff (Parallel Implementation)

    In case of questions or problems, please send an e-mail to us:
        dalvan.griebler; gabriell.araujo; junior.loff@edu.pucrs.br
----------------------------------------------------------------------


* [MAQAO] Info: Dumping samples (host fedora, process 556749)
* [MAQAO] Info: Dumping source info for callchain nodes (host fedora, process 556749)
* [MAQAO] Info: Building/writing metadata (host fedora)
* [MAQAO] Info: Finished collect step (host fedora, process 556749)


Your experiment path is /home/ndkd/lab/ihpc/aoc/architecture-opt-hpc-NPBMG/build/maqao_reports/ov_s1_mg_omp_cpp_aocc/tools/lprof_run_8

To display your profiling results:
##########################################################################################################################################################################
#    LEVEL    |     REPORT     |                                                                 COMMAND                                                                 #
##########################################################################################################################################################################
#  Functions  |  Cluster-wide  |  maqao lprof -df xp=/home/ndkd/lab/ihpc/aoc/architecture-opt-hpc-NPBMG/build/maqao_reports/ov_s1_mg_omp_cpp_aocc/tools/lprof_run_8      #
#  Functions  |  Per-node      |  maqao lprof -df -dn xp=/home/ndkd/lab/ihpc/aoc/architecture-opt-hpc-NPBMG/build/maqao_reports/ov_s1_mg_omp_cpp_aocc/tools/lprof_run_8  #
#  Functions  |  Per-process   |  maqao lprof -df -dp xp=/home/ndkd/lab/ihpc/aoc/architecture-opt-hpc-NPBMG/build/maqao_reports/ov_s1_mg_omp_cpp_aocc/tools/lprof_run_8  #
#  Functions  |  Per-thread    |  maqao lprof -df -dt xp=/home/ndkd/lab/ihpc/aoc/architecture-opt-hpc-NPBMG/build/maqao_reports/ov_s1_mg_omp_cpp_aocc/tools/lprof_run_8  #
#  Loops      |  Cluster-wide  |  maqao lprof -dl xp=/home/ndkd/lab/ihpc/aoc/architecture-opt-hpc-NPBMG/build/maqao_reports/ov_s1_mg_omp_cpp_aocc/tools/lprof_run_8      #
#  Loops      |  Per-node      |  maqao lprof -dl -dn xp=/home/ndkd/lab/ihpc/aoc/architecture-opt-hpc-NPBMG/build/maqao_reports/ov_s1_mg_omp_cpp_aocc/tools/lprof_run_8  #
#  Loops      |  Per-process   |  maqao lprof -dl -dp xp=/home/ndkd/lab/ihpc/aoc/architecture-opt-hpc-NPBMG/build/maqao_reports/ov_s1_mg_omp_cpp_aocc/tools/lprof_run_8  #
#  Loops      |  Per-thread    |  maqao lprof -dl -dt xp=/home/ndkd/lab/ihpc/aoc/architecture-opt-hpc-NPBMG/build/maqao_reports/ov_s1_mg_omp_cpp_aocc/tools/lprof_run_8  #
##########################################################################################################################################################################

