
* [MAQAO] Info: Detected 8 Lprof instances in fedora. 
If this is incorrect, rerun with number-processes-per-node=X
[0m

 NAS Parallel Benchmarks 3.4 -- MG Benchmark

 Reading from input file mg.input
 Size:  512x 512x 512  (class C)
 Iterations:   20
 Total number of processes:      8


 Initialization time:           1.637 seconds

  iter    1
  iter    5
  iter   10
  iter   15
  iter   20

 Benchmark completed 
 VERIFICATION SUCCESSFUL 
 L2 Norm is  0.5706732285739E-06
 Error is    0.1278327227029E-12


 MG Benchmark Completed.
 Class           =                        C
 Size            =            512x 512x 512
 Iterations      =                       20
 Time in seconds =                     9.82
 Total processes =                        8
 Active processes=                        8
 Mop/s total     =                 15862.48
 Mop/s/process   =                  1982.81
 Operation type  =           floating point
 Verification    =               SUCCESSFUL
 Version         =                    3.4.4
 Compile date    =              06 Mar 2026

 Compile options:
    MPIFC        = mpif90
    FLINK        = mpif90
    FMPI_LIB     = (none)
    FMPI_INC     = (none)
    FFLAGS       = -g -Ofast -march=native -mavx2 -funroll-loo...
    FLINKFLAGS   = -g -Ofast -march=native -mavx2 -funroll-loo...
    RAND         = randi8


 Please send feedbacks and/or the results of this run to:

 NPB Development Team 
 Internet: npb@nas.nasa.gov




Your experiment path is /home/ndkd/lab/ihpc/aoc/architecture-opt-hpc-NPBMG/build/maqao_reports/ov_r1_mg_mpi_f90_gfortran/tools/lprof_run_0

To display your profiling results:
##############################################################################################################################################################################
#    LEVEL    |     REPORT     |                                                                   COMMAND                                                                   #
##############################################################################################################################################################################
#  Functions  |  Cluster-wide  |  maqao lprof -df xp=/home/ndkd/lab/ihpc/aoc/architecture-opt-hpc-NPBMG/build/maqao_reports/ov_r1_mg_mpi_f90_gfortran/tools/lprof_run_0      #
#  Functions  |  Per-node      |  maqao lprof -df -dn xp=/home/ndkd/lab/ihpc/aoc/architecture-opt-hpc-NPBMG/build/maqao_reports/ov_r1_mg_mpi_f90_gfortran/tools/lprof_run_0  #
#  Functions  |  Per-process   |  maqao lprof -df -dp xp=/home/ndkd/lab/ihpc/aoc/architecture-opt-hpc-NPBMG/build/maqao_reports/ov_r1_mg_mpi_f90_gfortran/tools/lprof_run_0  #
#  Functions  |  Per-thread    |  maqao lprof -df -dt xp=/home/ndkd/lab/ihpc/aoc/architecture-opt-hpc-NPBMG/build/maqao_reports/ov_r1_mg_mpi_f90_gfortran/tools/lprof_run_0  #
#  Loops      |  Cluster-wide  |  maqao lprof -dl xp=/home/ndkd/lab/ihpc/aoc/architecture-opt-hpc-NPBMG/build/maqao_reports/ov_r1_mg_mpi_f90_gfortran/tools/lprof_run_0      #
#  Loops      |  Per-node      |  maqao lprof -dl -dn xp=/home/ndkd/lab/ihpc/aoc/architecture-opt-hpc-NPBMG/build/maqao_reports/ov_r1_mg_mpi_f90_gfortran/tools/lprof_run_0  #
#  Loops      |  Per-process   |  maqao lprof -dl -dp xp=/home/ndkd/lab/ihpc/aoc/architecture-opt-hpc-NPBMG/build/maqao_reports/ov_r1_mg_mpi_f90_gfortran/tools/lprof_run_0  #
#  Loops      |  Per-thread    |  maqao lprof -dl -dt xp=/home/ndkd/lab/ihpc/aoc/architecture-opt-hpc-NPBMG/build/maqao_reports/ov_r1_mg_mpi_f90_gfortran/tools/lprof_run_0  #
##############################################################################################################################################################################

