 Reading from input file mg.input


 NAS Parallel Benchmarks 4.1 Parallel C++ version with OpenMP - MG Benchmark

 Size: 512x512x512 (class_npb C)
 Iterations:  20
 Initialization time:           5.094 seconds
  iter   1
  iter   5
  iter  10
  iter  15
  iter  20
 Benchmark completed
 VERIFICATION SUCCESSFUL
 L2 Norm is  5.7067322857404e-07
 Error is    7.8480757189162e-14


 MG Benchmark Completed
 class_npb       =                        C
 Size            =            512x 512x 512
 Total threads   =                        8
 Iterations      =                       20
 Time in seconds =                    15.53
 Mop/s total     =                 10022.29
 Operation type  =           floating point
 Verification    =               SUCCESSFUL
 Version         =                      4.1
 Compile date    =              27 Feb 2026
 Compiler ver    =                   13.3.0
 OpenMP version  =                   201511

 Compile options:
    CC           = g++
    CLINK        = $(CC)
    C_LIB        = -lm
    C_INC        = -I../common 
    CFLAGS       = -g -O3 -march=native -fPIC -funroll-loops -...
    CLINKFLAGS   = -g -O3 -march=native -fPIC -funroll-loops -...
    RAND         = randdp


----------------------------------------------------------------------
    NPB-CPP is developed by: 
        Dalvan Griebler
        Gabriell Araujo (Sequential Porting)
        Júnior Löff (Parallel Implementation)

    In case of questions or problems, please send an e-mail to us:
        dalvan.griebler; gabriell.araujo; junior.loff@edu.pucrs.br
----------------------------------------------------------------------


* [MAQAO] Info: Callchains info will be incomplete
* [MAQAO] Info: Try to rerun with stack-size=16384
* [MAQAO] Info: Dumping samples (host lbw-Lenovo-G5000-IRH8, process 106514)
* [MAQAO] Info: Dumping source info for callchain nodes (host lbw-Lenovo-G5000-IRH8, process 106514)
* [MAQAO] Info: Building/writing metadata (host lbw-Lenovo-G5000-IRH8)
* [MAQAO] Info: Finished collect step (host lbw-Lenovo-G5000-IRH8, process 106514)


Your experiment path is /home/lbw/architecture-opt-hpc-NPBMG/build/maqao_reports/ov_s1_mg_omp_cpp_g++/tools/lprof_run_9

To display your profiling results:
###########################################################################################################################################################
#    LEVEL    |     REPORT     |                                                         COMMAND                                                          #
###########################################################################################################################################################
#  Functions  |  Cluster-wide  |  maqao lprof -df xp=/home/lbw/architecture-opt-hpc-NPBMG/build/maqao_reports/ov_s1_mg_omp_cpp_g++/tools/lprof_run_9      #
#  Functions  |  Per-node      |  maqao lprof -df -dn xp=/home/lbw/architecture-opt-hpc-NPBMG/build/maqao_reports/ov_s1_mg_omp_cpp_g++/tools/lprof_run_9  #
#  Functions  |  Per-process   |  maqao lprof -df -dp xp=/home/lbw/architecture-opt-hpc-NPBMG/build/maqao_reports/ov_s1_mg_omp_cpp_g++/tools/lprof_run_9  #
#  Functions  |  Per-thread    |  maqao lprof -df -dt xp=/home/lbw/architecture-opt-hpc-NPBMG/build/maqao_reports/ov_s1_mg_omp_cpp_g++/tools/lprof_run_9  #
#  Loops      |  Cluster-wide  |  maqao lprof -dl xp=/home/lbw/architecture-opt-hpc-NPBMG/build/maqao_reports/ov_s1_mg_omp_cpp_g++/tools/lprof_run_9      #
#  Loops      |  Per-node      |  maqao lprof -dl -dn xp=/home/lbw/architecture-opt-hpc-NPBMG/build/maqao_reports/ov_s1_mg_omp_cpp_g++/tools/lprof_run_9  #
#  Loops      |  Per-process   |  maqao lprof -dl -dp xp=/home/lbw/architecture-opt-hpc-NPBMG/build/maqao_reports/ov_s1_mg_omp_cpp_g++/tools/lprof_run_9  #
#  Loops      |  Per-thread    |  maqao lprof -dl -dt xp=/home/lbw/architecture-opt-hpc-NPBMG/build/maqao_reports/ov_s1_mg_omp_cpp_g++/tools/lprof_run_9  #
###########################################################################################################################################################

