

 NAS Parallel Benchmarks 3.4 -- MG Benchmark

 Reading from input file mg.input
 Size:  512x 512x 512  (class C)
 Iterations:   20
 Total number of processes:      8


 Initialization time:           1.012 seconds

  iter    1
  iter    5
  iter   10
  iter   15
  iter   20

 Benchmark completed 
 VERIFICATION SUCCESSFUL 
 L2 Norm is  0.5706732285739E-06
 Error is    0.1278327227029E-12


 MG Benchmark Completed.
 Class           =                        C
 Size            =            512x 512x 512
 Iterations      =                       20
 Time in seconds =                     8.36
 Total processes =                        8
 Active processes=                        8
 Mop/s total     =                 18626.98
 Mop/s/process   =                  2328.37
 Operation type  =           floating point
 Verification    =               SUCCESSFUL
 Version         =                    3.4.4
 Compile date    =              26 Feb 2026

 Compile options:
    MPIFC        = mpif90
    FLINK        = mpif90
    FMPI_LIB     = (none)
    FMPI_INC     = (none)
    FFLAGS       = -g -O3 -march=native -fPIC -funroll-loops -...
    FLINKFLAGS   = -g -O3 -march=native -fPIC -funroll-loops -...
    RAND         = randi8


 Please send feedbacks and/or the results of this run to:

 NPB Development Team 
 Internet: npb@nas.nasa.gov



* [MAQAO] Info: Dumping samples (host fedora, process 17690)
* [MAQAO] Info: Dumping source info for callchain nodes (host fedora, process 17690)
* [MAQAO] Info: Building/writing metadata (host fedora)
* [MAQAO] Info: Finished collect step (host fedora, process 17690)


Your experiment path is /home/ndkd/lab/ihpc/aoc/architecture-opt-hpc-NPBMG/build/maqao_reports/ov_s1_mg_mpi_f90_aocc/tools/lprof_run_9

To display your profiling results:
##########################################################################################################################################################################
#    LEVEL    |     REPORT     |                                                                 COMMAND                                                                 #
##########################################################################################################################################################################
#  Functions  |  Cluster-wide  |  maqao lprof -df xp=/home/ndkd/lab/ihpc/aoc/architecture-opt-hpc-NPBMG/build/maqao_reports/ov_s1_mg_mpi_f90_aocc/tools/lprof_run_9      #
#  Functions  |  Per-node      |  maqao lprof -df -dn xp=/home/ndkd/lab/ihpc/aoc/architecture-opt-hpc-NPBMG/build/maqao_reports/ov_s1_mg_mpi_f90_aocc/tools/lprof_run_9  #
#  Functions  |  Per-process   |  maqao lprof -df -dp xp=/home/ndkd/lab/ihpc/aoc/architecture-opt-hpc-NPBMG/build/maqao_reports/ov_s1_mg_mpi_f90_aocc/tools/lprof_run_9  #
#  Functions  |  Per-thread    |  maqao lprof -df -dt xp=/home/ndkd/lab/ihpc/aoc/architecture-opt-hpc-NPBMG/build/maqao_reports/ov_s1_mg_mpi_f90_aocc/tools/lprof_run_9  #
#  Loops      |  Cluster-wide  |  maqao lprof -dl xp=/home/ndkd/lab/ihpc/aoc/architecture-opt-hpc-NPBMG/build/maqao_reports/ov_s1_mg_mpi_f90_aocc/tools/lprof_run_9      #
#  Loops      |  Per-node      |  maqao lprof -dl -dn xp=/home/ndkd/lab/ihpc/aoc/architecture-opt-hpc-NPBMG/build/maqao_reports/ov_s1_mg_mpi_f90_aocc/tools/lprof_run_9  #
#  Loops      |  Per-process   |  maqao lprof -dl -dp xp=/home/ndkd/lab/ihpc/aoc/architecture-opt-hpc-NPBMG/build/maqao_reports/ov_s1_mg_mpi_f90_aocc/tools/lprof_run_9  #
#  Loops      |  Per-thread    |  maqao lprof -dl -dt xp=/home/ndkd/lab/ihpc/aoc/architecture-opt-hpc-NPBMG/build/maqao_reports/ov_s1_mg_mpi_f90_aocc/tools/lprof_run_9  #
##########################################################################################################################################################################

