
* [MAQAO] Info: Detected 4 Lprof instances in lbw-Lenovo-G5000-IRH8. 
If this is incorrect, rerun with number-processes-per-node=X
[0m

 NAS Parallel Benchmarks 3.4 -- MG Benchmark

 Reading from input file mg.input
 Size:  512x 512x 512  (class C)
 Iterations:   20
 Total number of processes:      4


 Initialization time:           1.905 seconds

  iter    1
  iter    5
  iter   10
  iter   15
  iter   20

 Benchmark completed 
 VERIFICATION SUCCESSFUL 
 L2 Norm is  0.5706732285736E-06
 Error is    0.6579025177134E-12


 MG Benchmark Completed.
 Class           =                        C
 Size            =            512x 512x 512
 Iterations      =                       20
 Time in seconds =                    17.54
 Total processes =                        4
 Active processes=                        4
 Mop/s total     =                  8878.24
 Mop/s/process   =                  2219.56
 Operation type  =           floating point
 Verification    =               SUCCESSFUL
 Version         =                    3.4.4
 Compile date    =              27 Feb 2026

 Compile options:
    MPIFC        = mpif90
    FLINK        = mpif90
    FMPI_LIB     = (none)
    FMPI_INC     = (none)
    FFLAGS       = -g -O3 -march=native -fPIC -funroll-loops -...
    FLINKFLAGS   = -g -O3 -march=native -fPIC -funroll-loops -...
    RAND         = randi8


 Please send feedbacks and/or the results of this run to:

 NPB Development Team 
 Internet: npb@nas.nasa.gov




Your experiment path is /home/lbw/architecture-opt-hpc-NPBMG/build/maqao_reports/ov_ws_mg_mpi_f90_gfortran/tools/lprof_run_2

To display your profiling results:
################################################################################################################################################################
#    LEVEL    |     REPORT     |                                                            COMMAND                                                            #
################################################################################################################################################################
#  Functions  |  Cluster-wide  |  maqao lprof -df xp=/home/lbw/architecture-opt-hpc-NPBMG/build/maqao_reports/ov_ws_mg_mpi_f90_gfortran/tools/lprof_run_2      #
#  Functions  |  Per-node      |  maqao lprof -df -dn xp=/home/lbw/architecture-opt-hpc-NPBMG/build/maqao_reports/ov_ws_mg_mpi_f90_gfortran/tools/lprof_run_2  #
#  Functions  |  Per-process   |  maqao lprof -df -dp xp=/home/lbw/architecture-opt-hpc-NPBMG/build/maqao_reports/ov_ws_mg_mpi_f90_gfortran/tools/lprof_run_2  #
#  Functions  |  Per-thread    |  maqao lprof -df -dt xp=/home/lbw/architecture-opt-hpc-NPBMG/build/maqao_reports/ov_ws_mg_mpi_f90_gfortran/tools/lprof_run_2  #
#  Loops      |  Cluster-wide  |  maqao lprof -dl xp=/home/lbw/architecture-opt-hpc-NPBMG/build/maqao_reports/ov_ws_mg_mpi_f90_gfortran/tools/lprof_run_2      #
#  Loops      |  Per-node      |  maqao lprof -dl -dn xp=/home/lbw/architecture-opt-hpc-NPBMG/build/maqao_reports/ov_ws_mg_mpi_f90_gfortran/tools/lprof_run_2  #
#  Loops      |  Per-process   |  maqao lprof -dl -dp xp=/home/lbw/architecture-opt-hpc-NPBMG/build/maqao_reports/ov_ws_mg_mpi_f90_gfortran/tools/lprof_run_2  #
#  Loops      |  Per-thread    |  maqao lprof -dl -dt xp=/home/lbw/architecture-opt-hpc-NPBMG/build/maqao_reports/ov_ws_mg_mpi_f90_gfortran/tools/lprof_run_2  #
################################################################################################################################################################

