

 NAS Parallel Benchmarks (NPB3.4-OMP) - MG Benchmark

 Reading from input file mg.input
 Size:  512x 512x 512  (class C)
 Iterations:                     20
 Number of available threads:     8

 Initialization time:           1.610 seconds

  iter   1
  iter   5
  iter  10
  iter  15
  iter  20

 Benchmark completed 
 VERIFICATION SUCCESSFUL 
 L2 Norm is  0.5706732285740E-06
 Error is    0.7810968977928E-13


 MG Benchmark Completed.
 Class           =                        C
 Size            =            512x 512x 512
 Iterations      =                       20
 Time in seconds =                    15.60
 Total threads   =                        8
 Avail threads   =                        8
 Mop/s total     =                  9979.62
 Mop/s/thread    =                  1247.45
 Operation type  =           floating point
 Verification    =               SUCCESSFUL
 Version         =                    3.4.4
 Compile date    =              27 Feb 2026

 Compile options:
    FC           = gfortran
    FLINK        = gfortran
    F_LIB        = (none)
    F_INC        = (none)
    FFLAGS       = -g -O3 -march=native -fPIC -funroll-loops -...
    FLINKFLAGS   = -g -O3 -march=native -fPIC -funroll-loops -...
    RAND         = randi8


 Please send all errors/feedbacks to:

 NPB Development Team
 npb@nas.nasa.gov



* [MAQAO] Info: Dumping samples (host lbw-Lenovo-G5000-IRH8, process 127926)
* [MAQAO] Info: Dumping source info for callchain nodes (host lbw-Lenovo-G5000-IRH8, process 127926)
* [MAQAO] Info: Building/writing metadata (host lbw-Lenovo-G5000-IRH8)
* [MAQAO] Info: Finished collect step (host lbw-Lenovo-G5000-IRH8, process 127926)


Your experiment path is /home/lbw/architecture-opt-hpc-NPBMG/build/maqao_reports/ov_s1_mg_omp_f90_gfortran/tools/lprof_run_1

To display your profiling results:
################################################################################################################################################################
#    LEVEL    |     REPORT     |                                                            COMMAND                                                            #
################################################################################################################################################################
#  Functions  |  Cluster-wide  |  maqao lprof -df xp=/home/lbw/architecture-opt-hpc-NPBMG/build/maqao_reports/ov_s1_mg_omp_f90_gfortran/tools/lprof_run_1      #
#  Functions  |  Per-node      |  maqao lprof -df -dn xp=/home/lbw/architecture-opt-hpc-NPBMG/build/maqao_reports/ov_s1_mg_omp_f90_gfortran/tools/lprof_run_1  #
#  Functions  |  Per-process   |  maqao lprof -df -dp xp=/home/lbw/architecture-opt-hpc-NPBMG/build/maqao_reports/ov_s1_mg_omp_f90_gfortran/tools/lprof_run_1  #
#  Functions  |  Per-thread    |  maqao lprof -df -dt xp=/home/lbw/architecture-opt-hpc-NPBMG/build/maqao_reports/ov_s1_mg_omp_f90_gfortran/tools/lprof_run_1  #
#  Loops      |  Cluster-wide  |  maqao lprof -dl xp=/home/lbw/architecture-opt-hpc-NPBMG/build/maqao_reports/ov_s1_mg_omp_f90_gfortran/tools/lprof_run_1      #
#  Loops      |  Per-node      |  maqao lprof -dl -dn xp=/home/lbw/architecture-opt-hpc-NPBMG/build/maqao_reports/ov_s1_mg_omp_f90_gfortran/tools/lprof_run_1  #
#  Loops      |  Per-process   |  maqao lprof -dl -dp xp=/home/lbw/architecture-opt-hpc-NPBMG/build/maqao_reports/ov_s1_mg_omp_f90_gfortran/tools/lprof_run_1  #
#  Loops      |  Per-thread    |  maqao lprof -dl -dt xp=/home/lbw/architecture-opt-hpc-NPBMG/build/maqao_reports/ov_s1_mg_omp_f90_gfortran/tools/lprof_run_1  #
################################################################################################################################################################

