

 NAS Parallel Benchmarks (NPB3.4-OMP) - MG Benchmark

 Reading from input file mg.input
 Size:  512x 512x 512  (class C)
 Iterations:                     20
 Number of available threads:     4

 Initialization time:           1.711 seconds

  iter   1
  iter   5
  iter  10
  iter  15
  iter  20

 Benchmark completed 
 VERIFICATION SUCCESSFUL 
 L2 Norm is  0.5706732285740E-06
 Error is    0.7903735830398E-13


 MG Benchmark Completed.
 Class           =                        C
 Size            =            512x 512x 512
 Iterations      =                       20
 Time in seconds =                    14.72
 Total threads   =                        4
 Avail threads   =                        4
 Mop/s total     =                 10578.25
 Mop/s/thread    =                  2644.56
 Operation type  =           floating point
 Verification    =               SUCCESSFUL
 Version         =                    3.4.4
 Compile date    =              27 Feb 2026

 Compile options:
    FC           = gfortran
    FLINK        = gfortran
    F_LIB        = (none)
    F_INC        = (none)
    FFLAGS       = -g -O3 -march=native -fPIC -funroll-loops -...
    FLINKFLAGS   = -g -O3 -march=native -fPIC -funroll-loops -...
    RAND         = randi8


 Please send all errors/feedbacks to:

 NPB Development Team
 npb@nas.nasa.gov



* [MAQAO] Info: Dumping samples (host lbw-Lenovo-G5000-IRH8, process 136092)
* [MAQAO] Info: Dumping source info for callchain nodes (host lbw-Lenovo-G5000-IRH8, process 136092)
* [MAQAO] Info: Building/writing metadata (host lbw-Lenovo-G5000-IRH8)
* [MAQAO] Info: Finished collect step (host lbw-Lenovo-G5000-IRH8, process 136092)


Your experiment path is /home/lbw/architecture-opt-hpc-NPBMG/build/maqao_reports/ov_ws_mg_omp_f90_gfortran/tools/lprof_run_2

To display your profiling results:
################################################################################################################################################################
#    LEVEL    |     REPORT     |                                                            COMMAND                                                            #
################################################################################################################################################################
#  Functions  |  Cluster-wide  |  maqao lprof -df xp=/home/lbw/architecture-opt-hpc-NPBMG/build/maqao_reports/ov_ws_mg_omp_f90_gfortran/tools/lprof_run_2      #
#  Functions  |  Per-node      |  maqao lprof -df -dn xp=/home/lbw/architecture-opt-hpc-NPBMG/build/maqao_reports/ov_ws_mg_omp_f90_gfortran/tools/lprof_run_2  #
#  Functions  |  Per-process   |  maqao lprof -df -dp xp=/home/lbw/architecture-opt-hpc-NPBMG/build/maqao_reports/ov_ws_mg_omp_f90_gfortran/tools/lprof_run_2  #
#  Functions  |  Per-thread    |  maqao lprof -df -dt xp=/home/lbw/architecture-opt-hpc-NPBMG/build/maqao_reports/ov_ws_mg_omp_f90_gfortran/tools/lprof_run_2  #
#  Loops      |  Cluster-wide  |  maqao lprof -dl xp=/home/lbw/architecture-opt-hpc-NPBMG/build/maqao_reports/ov_ws_mg_omp_f90_gfortran/tools/lprof_run_2      #
#  Loops      |  Per-node      |  maqao lprof -dl -dn xp=/home/lbw/architecture-opt-hpc-NPBMG/build/maqao_reports/ov_ws_mg_omp_f90_gfortran/tools/lprof_run_2  #
#  Loops      |  Per-process   |  maqao lprof -dl -dp xp=/home/lbw/architecture-opt-hpc-NPBMG/build/maqao_reports/ov_ws_mg_omp_f90_gfortran/tools/lprof_run_2  #
#  Loops      |  Per-thread    |  maqao lprof -dl -dt xp=/home/lbw/architecture-opt-hpc-NPBMG/build/maqao_reports/ov_ws_mg_omp_f90_gfortran/tools/lprof_run_2  #
################################################################################################################################################################

