

 NAS Parallel Benchmarks (NPB3.4-OMP) - MG Benchmark

 Reading from input file mg.input
 Size:  512x 512x 512  (class C)
 Iterations:                     20
 Number of available threads:     4
 
 Initialization time:           2.430 seconds

  iter   1
  iter   5
  iter  10
  iter  15
  iter  20

 Benchmark completed 
 VERIFICATION SUCCESSFUL 
 L2 Norm is  0.5706732285740E-06
 Error is    0.6308145967923E-13


 MG Benchmark Completed.
 Class           =                        C
 Size            =            512x 512x 512
 Iterations      =                       20
 Time in seconds =                     9.62
 Total threads   =                        4
 Avail threads   =                        4
 Mop/s total     =                 16186.63
 Mop/s/thread    =                  4046.66
 Operation type  =           floating point
 Verification    =               SUCCESSFUL
 Version         =                    3.4.4
 Compile date    =              27 Feb 2026

 Compile options:
    FC           = flang
    FLINK        = flang
    F_LIB        = (none)
    F_INC        = (none)
    FFLAGS       = -g -Ofast -march=native -mavx2 -funroll-loo...
    FLINKFLAGS   = -g -Ofast -march=native -mavx2 -funroll-loo...
    RAND         = randi8


 Please send all errors/feedbacks to:

 NPB Development Team
 npb@nas.nasa.gov



* [MAQAO] Info: Dumping samples (host fedora, process 63112)
* [MAQAO] Info: Dumping source info for callchain nodes (host fedora, process 63112)
* [MAQAO] Info: Building/writing metadata (host fedora)
* [MAQAO] Info: Finished collect step (host fedora, process 63112)


Your experiment path is /home/ndkd/lab/ihpc/aoc/architecture-opt-hpc-NPBMG/build/maqao_reports/ov_ws_mg_omp_f90_aocc/tools/lprof_run_2

To display your profiling results:
##########################################################################################################################################################################
#    LEVEL    |     REPORT     |                                                                 COMMAND                                                                 #
##########################################################################################################################################################################
#  Functions  |  Cluster-wide  |  maqao lprof -df xp=/home/ndkd/lab/ihpc/aoc/architecture-opt-hpc-NPBMG/build/maqao_reports/ov_ws_mg_omp_f90_aocc/tools/lprof_run_2      #
#  Functions  |  Per-node      |  maqao lprof -df -dn xp=/home/ndkd/lab/ihpc/aoc/architecture-opt-hpc-NPBMG/build/maqao_reports/ov_ws_mg_omp_f90_aocc/tools/lprof_run_2  #
#  Functions  |  Per-process   |  maqao lprof -df -dp xp=/home/ndkd/lab/ihpc/aoc/architecture-opt-hpc-NPBMG/build/maqao_reports/ov_ws_mg_omp_f90_aocc/tools/lprof_run_2  #
#  Functions  |  Per-thread    |  maqao lprof -df -dt xp=/home/ndkd/lab/ihpc/aoc/architecture-opt-hpc-NPBMG/build/maqao_reports/ov_ws_mg_omp_f90_aocc/tools/lprof_run_2  #
#  Loops      |  Cluster-wide  |  maqao lprof -dl xp=/home/ndkd/lab/ihpc/aoc/architecture-opt-hpc-NPBMG/build/maqao_reports/ov_ws_mg_omp_f90_aocc/tools/lprof_run_2      #
#  Loops      |  Per-node      |  maqao lprof -dl -dn xp=/home/ndkd/lab/ihpc/aoc/architecture-opt-hpc-NPBMG/build/maqao_reports/ov_ws_mg_omp_f90_aocc/tools/lprof_run_2  #
#  Loops      |  Per-process   |  maqao lprof -dl -dp xp=/home/ndkd/lab/ihpc/aoc/architecture-opt-hpc-NPBMG/build/maqao_reports/ov_ws_mg_omp_f90_aocc/tools/lprof_run_2  #
#  Loops      |  Per-thread    |  maqao lprof -dl -dt xp=/home/ndkd/lab/ihpc/aoc/architecture-opt-hpc-NPBMG/build/maqao_reports/ov_ws_mg_omp_f90_aocc/tools/lprof_run_2  #
##########################################################################################################################################################################

